<?xml version="1.0" encoding="UTF-8"?>
<testsuite xmlns:xsi="http://www.w3.org/2001/XMLSchema-instance" xsi:noNamespaceSchemaLocation="https://maven.apache.org/surefire/maven-surefire-plugin/xsd/surefire-test-report-3.0.xsd" version="3.0" name="com.xiaowang.WarehouseManagerApplicationTests" time="6.999" tests="1" errors="0" skipped="0" failures="0">
  <properties>
[...]
</properties>
  <testcase name="contextLoads" classname="com.xiaowang.WarehouseManagerApplicationTests" time="0.769">
    <system-out><![CDATA[11:59:15.323 [main] DEBUG org.springframework.test.context.BootstrapUtils - Instantiating CacheAwareContextLoaderDelegate from class [org.springframework.test.context.cache.DefaultCacheAwareContextLoaderDelegate]
11:59:15.333 [main] DEBUG org.springframework.test.context.BootstrapUtils - Instantiating BootstrapContext using constructor [public org.springframework.test.context.support.DefaultBootstrapContext(java.lang.Class,org.springframework.test.context.CacheAwareContextLoaderDelegate)]
11:59:15.378 [main] DEBUG org.springframework.test.context.BootstrapUtils - Instantiating TestContextBootstrapper for test class [com.xiaowang.WarehouseManagerApplicationTests] from class [org.springframework.boot.test.context.SpringBootTestContextBootstrapper]
11:59:15.393 [main] INFO org.springframework.boot.test.context.SpringBootTestContextBootstrapper - Neither @ContextConfiguration nor @ContextHierarchy found for test class [com.xiaowang.WarehouseManagerApplicationTests], using SpringBootContextLoader
11:59:15.397 [main] DEBUG org.springframework.test.context.support.AbstractContextLoader - Did not detect default resource location for test class [com.xiaowang.WarehouseManagerApplicationTests]: class path resource [com/xiaowang/WarehouseManagerApplicationTests-context.xml] does not exist
11:59:15.398 [main] DEBUG org.springframework.test.context.support.AbstractContextLoader - Did not detect default resource location for test class [com.xiaowang.WarehouseManagerApplicationTests]: class path resource [com/xiaowang/WarehouseManagerApplicationTestsContext.groovy] does not exist
11:59:15.398 [main] INFO org.springframework.test.context.support.AbstractContextLoader - Could not detect default resource locations for test class [com.xiaowang.WarehouseManagerApplicationTests]: no resource found for suffixes {-context.xml, Context.groovy}.
11:59:15.399 [main] INFO org.springframework.test.context.support.AnnotationConfigContextLoaderUtils - Could not detect default configuration classes for test class [com.xiaowang.WarehouseManagerApplicationTests]: WarehouseManagerApplicationTests does not declare any static, non-private, non-final, nested classes annotated with @Configuration.
11:59:15.486 [main] DEBUG org.springframework.test.context.support.ActiveProfilesUtils - Could not find an 'annotation declaring class' for annotation type [org.springframework.test.context.ActiveProfiles] and class [com.xiaowang.WarehouseManagerApplicationTests]
11:59:15.599 [main] DEBUG org.springframework.context.annotation.ClassPathScanningCandidateComponentProvider - Identified candidate component class: file [D:\course-2\frontspace\前端项目\workspace\warehouse_manager\target\classes\com\xiaowang\WarehouseManagerApplication.class]
11:59:15.602 [main] INFO org.springframework.boot.test.context.SpringBootTestContextBootstrapper - Found @SpringBootConfiguration com.xiaowang.WarehouseManagerApplication for test class com.xiaowang.WarehouseManagerApplicationTests
11:59:15.777 [main] DEBUG org.springframework.boot.test.context.SpringBootTestContextBootstrapper - @TestExecutionListeners is not present for class [com.xiaowang.WarehouseManagerApplicationTests]: using defaults.
11:59:15.778 [main] INFO org.springframework.boot.test.context.SpringBootTestContextBootstrapper - Loaded default TestExecutionListener class names from location [META-INF/spring.factories]: [org.springframework.boot.test.mock.mockito.MockitoTestExecutionListener, org.springframework.boot.test.mock.mockito.ResetMocksTestExecutionListener, org.springframework.boot.test.autoconfigure.restdocs.RestDocsTestExecutionListener, org.springframework.boot.test.autoconfigure.web.client.MockRestServiceServerResetTestExecutionListener, org.springframework.boot.test.autoconfigure.web.servlet.MockMvcPrintOnlyOnFailureTestExecutionListener, org.springframework.boot.test.autoconfigure.web.servlet.WebDriverTestExecutionListener, org.springframework.boot.test.autoconfigure.webservices.client.MockWebServiceServerTestExecutionListener, org.springframework.test.context.web.ServletTestExecutionListener, org.springframework.test.context.support.DirtiesContextBeforeModesTestExecutionListener, org.springframework.test.context.event.ApplicationEventsTestExecutionListener, org.springframework.test.context.support.DependencyInjectionTestExecutionListener, org.springframework.test.context.support.DirtiesContextTestExecutionListener, org.springframework.test.context.transaction.TransactionalTestExecutionListener, org.springframework.test.context.jdbc.SqlScriptsTestExecutionListener, org.springframework.test.context.event.EventPublishingTestExecutionListener]
11:59:15.803 [main] INFO org.springframework.boot.test.context.SpringBootTestContextBootstrapper - Using TestExecutionListeners: [org.springframework.test.context.web.ServletTestExecutionListener@2dcd168a, org.springframework.test.context.support.DirtiesContextBeforeModesTestExecutionListener@388526fb, org.springframework.test.context.event.ApplicationEventsTestExecutionListener@21a21c64, org.springframework.boot.test.mock.mockito.MockitoTestExecutionListener@7803bfd, org.springframework.boot.test.autoconfigure.SpringBootDependencyInjectionTestExecutionListener@42bc14c1, org.springframework.test.context.support.DirtiesContextTestExecutionListener@531f4093, org.springframework.test.context.transaction.TransactionalTestExecutionListener@62ef27a8, org.springframework.test.context.jdbc.SqlScriptsTestExecutionListener@6436a7db, org.springframework.test.context.event.EventPublishingTestExecutionListener@460ebd80, org.springframework.boot.test.mock.mockito.ResetMocksTestExecutionListener@6f3c660a, org.springframework.boot.test.autoconfigure.restdocs.RestDocsTestExecutionListener@74f5ce22, org.springframework.boot.test.autoconfigure.web.client.MockRestServiceServerResetTestExecutionListener@25aca718, org.springframework.boot.test.autoconfigure.web.servlet.MockMvcPrintOnlyOnFailureTestExecutionListener@16fdec90, org.springframework.boot.test.autoconfigure.web.servlet.WebDriverTestExecutionListener@1afdd473, org.springframework.boot.test.autoconfigure.webservices.client.MockWebServiceServerTestExecutionListener@40238dd0]
11:59:15.819 [main] DEBUG org.springframework.test.context.support.AbstractDirtiesContextTestExecutionListener - Before test class: context [DefaultTestContext@1b835480 testClass = WarehouseManagerApplicationTests, testInstance = [null], testMethod = [null], testException = [null], mergedContextConfiguration = [WebMergedContextConfiguration@3549bca9 testClass = WarehouseManagerApplicationTests, locations = '{}', classes = '{class com.xiaowang.WarehouseManagerApplication}', contextInitializerClasses = '[]', activeProfiles = '{}', propertySourceLocations = '{}', propertySourceProperties = '{org.springframework.boot.test.context.SpringBootTestContextBootstrapper=true}', contextCustomizers = set[org.springframework.boot.test.context.filter.ExcludeFilterContextCustomizer@8f2ef19, org.springframework.boot.test.json.DuplicateJsonObjectContextCustomizerFactory$DuplicateJsonObjectContextCustomizer@7674f035, org.springframework.boot.test.mock.mockito.MockitoContextCustomizer@0, org.springframework.boot.test.web.client.TestRestTemplateContextCustomizer@1cf6d1be, org.springframework.boot.test.autoconfigure.actuate.metrics.MetricsExportContextCustomizerFactory$DisableMetricExportContextCustomizer@53fb3dab, org.springframework.boot.test.autoconfigure.properties.PropertyMappingContextCustomizer@0, org.springframework.boot.test.autoconfigure.web.servlet.WebDriverContextCustomizerFactory$Customizer@2cb4893b, org.springframework.boot.test.context.SpringBootTestArgs@1, org.springframework.boot.test.context.SpringBootTestWebEnvironment@69379752], resourceBasePath = 'src/main/webapp', contextLoader = 'org.springframework.boot.test.context.SpringBootContextLoader', parent = [null]], attributes = map['org.springframework.test.context.web.ServletTestExecutionListener.activateListener' -> true]], class annotated with @DirtiesContext [false] with mode [null].

  .   ____          _            __ _ _
 /\\ / ___'_ __ _ _(_)_ __  __ _ \ \ \ \
( ( )\___ | '_ | '_| | '_ \/ _` | \ \ \ \
 \\/  ___)| |_)| | | | | || (_| |  ) ) ) )
  '  |____| .__|_| |_|_| |_\__, | / / / /
 =========|_|==============|___/=/_/_/_/
 :: Spring Boot ::               (v2.6.13)

2024-02-27 11:59:16.373  INFO 14276 --- [           main] c.x.WarehouseManagerApplicationTests     : Starting WarehouseManagerApplicationTests using Java 17.0.5 on DESKTOP-MJ0I8VQ with PID 14276 (started by a1566 in D:\course-2\frontspace\前端项目\workspace\warehouse_manager)
2024-02-27 11:59:16.377  INFO 14276 --- [           main] c.x.WarehouseManagerApplicationTests     : No active profile set, falling back to 1 default profile: "default"
2024-02-27 11:59:17.962  INFO 14276 --- [           main] .s.d.r.c.RepositoryConfigurationDelegate : Multiple Spring Data modules found, entering strict repository configuration mode
2024-02-27 11:59:17.970  INFO 14276 --- [           main] .s.d.r.c.RepositoryConfigurationDelegate : Bootstrapping Spring Data Redis repositories in DEFAULT mode.
2024-02-27 11:59:18.028  INFO 14276 --- [           main] .s.d.r.c.RepositoryConfigurationDelegate : Finished Spring Data repository scanning in 18 ms. Found 0 Redis repository interfaces.
Logging initialized using 'class org.apache.ibatis.logging.stdout.StdOutImpl' adapter.
Property 'mapperLocations' was not specified.
2024-02-27 11:59:21.436  INFO 14276 --- [           main] c.x.WarehouseManagerApplicationTests     : Started WarehouseManagerApplicationTests in 5.549 seconds (JVM running for 7.052)
]]></system-out>
  </testcase>
</testsuite>